2013-11-16 16:26:15,234 DEBUG d.Debug [main] You must click "New Game" to begin the game, or "Quit Game" to exit.
2013-11-16 16:26:19,509 DEBUG d.Debug [AWT-EventQueue-0] New Game!
2013-11-16 16:26:19,511 DEBUG d.Debug [AWT-EventQueue-0] SteelSubmarine (length 4) has the following makeup: 
[0,0: KNOWN_SHIP/KNOWN_SHIP]
[1,0: KNOWN_SHIP/KNOWN_SHIP]
[2,0: KNOWN_SHIP/KNOWN_SHIP]
[3,0: KNOWN_SHIP/KNOWN_SHIP]

2013-11-16 16:26:19,512 DEBUG d.Debug [AWT-EventQueue-0] Carrier (length 5) has the following makeup: 
[9,8: KNOWN_SHIP/KNOWN_SHIP]
[9,9: KNOWN_SHIP/KNOWN_SHIP]
[9,10: KNOWN_SHIP/KNOWN_SHIP]
[9,11: KNOWN_SHIP/KNOWN_SHIP]
[9,12: KNOWN_SHIP/KNOWN_SHIP]

2013-11-16 16:26:19,512 DEBUG d.Debug [AWT-EventQueue-0] Battleship (length 4) has the following makeup: 
[13,11: KNOWN_SHIP/KNOWN_SHIP]
[14,11: KNOWN_SHIP/KNOWN_SHIP]
[15,11: KNOWN_SHIP/KNOWN_SHIP]
[16,11: KNOWN_SHIP/KNOWN_SHIP]

2013-11-16 16:26:19,512 DEBUG d.Debug [AWT-EventQueue-0] FALSE -- ship appears to be out of bounds:13,11 to 16,11...board coords: 15,20...gameinprogress = false
2013-11-16 16:26:19,512 DEBUG d.Debug [AWT-EventQueue-0] Battleship (length 4) has the following makeup: 
[11,8: KNOWN_SHIP/KNOWN_SHIP]
[12,8: KNOWN_SHIP/KNOWN_SHIP]
[13,8: KNOWN_SHIP/KNOWN_SHIP]
[14,8: KNOWN_SHIP/KNOWN_SHIP]

2013-11-16 16:26:19,513 DEBUG d.Debug [AWT-EventQueue-0] Submarine (length 3) has the following makeup: 
[14,19: KNOWN_SHIP/KNOWN_SHIP]
[15,19: KNOWN_SHIP/KNOWN_SHIP]
[16,19: KNOWN_SHIP/KNOWN_SHIP]

2013-11-16 16:26:19,513 DEBUG d.Debug [AWT-EventQueue-0] FALSE -- ship appears to be out of bounds:14,19 to 16,19...board coords: 15,20...gameinprogress = false
2013-11-16 16:26:19,513 DEBUG d.Debug [AWT-EventQueue-0] Submarine (length 3) has the following makeup: 
[10,7: KNOWN_SHIP/KNOWN_SHIP]
[10,8: KNOWN_SHIP/KNOWN_SHIP]
[10,9: KNOWN_SHIP/KNOWN_SHIP]

2013-11-16 16:26:19,513 DEBUG d.Debug [AWT-EventQueue-0] Destroyer (length 2) has the following makeup: 
[10,12: KNOWN_SHIP/KNOWN_SHIP]
[10,13: KNOWN_SHIP/KNOWN_SHIP]

2013-11-16 16:26:19,513 DEBUG d.Debug [AWT-EventQueue-0] Cruiser (length 3) has the following makeup: 
[1,8: KNOWN_SHIP/KNOWN_SHIP]
[2,8: KNOWN_SHIP/KNOWN_SHIP]
[3,8: KNOWN_SHIP/KNOWN_SHIP]

2013-11-16 16:26:19,514 DEBUG d.Debug [AWT-EventQueue-0] sunkcounter: 0, hitlist: []
2013-11-16 16:26:19,514 DEBUG d.Debug [AWT-EventQueue-0] clearing out of bounds coordinates: 0
2013-11-16 16:26:19,514 DEBUG d.Debug [AWT-EventQueue-0] 

1nextshot() called. coordinates_shot = 0, shooting_coordinates = 150, hit_list = 0, place_ship_coordinates = 0
2013-11-16 16:26:19,514 DEBUG d.Debug [AWT-EventQueue-0] next shot coming from the AI's pool...
2013-11-16 16:26:19,514 DEBUG d.Debug [AWT-EventQueue-0] -DUMP
2013-11-16 16:26:19,514 DEBUG d.Debug [AWT-EventQueue-0] coordinates_shot: [[0,15]]
2013-11-16 16:26:19,514 DEBUG d.Debug [AWT-EventQueue-0] hit_list: []
2013-11-16 16:26:19,515 DEBUG d.Debug [AWT-EventQueue-0] place_ship_coordinates_primary: []
2013-11-16 16:26:19,515 DEBUG d.Debug [AWT-EventQueue-0] place_ship_coordinates_secondary: []
2013-11-16 16:26:19,515 DEBUG d.Debug [AWT-EventQueue-0] shooting_coordinates: [[0,1], [0,3], [0,5], [0,7], [0,9], [0,11], [0,13], [0,17], [0,19], [1,0], [1,2], [1,4], [1,6], [1,8], [1,10], [1,12], [1,14], [1,16], [1,18], [2,1], [2,3], [2,5], [2,7], [2,9], [2,11], [2,13], [2,15], [2,17], [2,19], [3,0], [3,2], [3,4], [3,6], [3,8], [3,10], [3,12], [3,14], [3,16], [3,18], [4,1], [4,3], [4,5], [4,7], [4,9], [4,11], [4,13], [4,15], [4,17], [4,19], [5,0], [5,2], [5,4], [5,6], [5,8], [5,10], [5,12], [5,14], [5,16], [5,18], [6,1], [6,3], [6,5], [6,7], [6,9], [6,11], [6,13], [6,15], [6,17], [6,19], [7,0], [7,2], [7,4], [7,6], [7,8], [7,10], [7,12], [7,14], [7,16], [7,18], [8,1], [8,3], [8,5], [8,7], [8,9], [8,11], [8,13], [8,15], [8,17], [8,19], [9,0], [9,2], [9,4], [9,6], [9,8], [9,10], [9,12], [9,14], [9,16], [9,18], [10,1], [10,3], [10,5], [10,7], [10,9], [10,11], [10,13], [10,15], [10,17], [10,19], [11,0], [11,2], [11,4], [11,6], [11,8], [11,10], [11,12], [11,14], [11,16], [11,18], [12,1], [12,3], [12,5], [12,7], [12,9], [12,11], [12,13], [12,15], [12,17], [12,19], [13,0], [13,2], [13,4], [13,6], [13,8], [13,10], [13,12], [13,14], [13,16], [13,18], [14,1], [14,3], [14,5], [14,7], [14,9], [14,11], [14,13], [14,15], [14,17], [14,19]]
2013-11-16 16:26:19,516 DEBUG d.Debug [AWT-EventQueue-0] ----
2013-11-16 16:26:19,517 DEBUG d.Debug [AWT-EventQueue-0] UserPaint: java.awt.Point[x=127,y=5]; CompPaint java.awt.Point[x=452,y=5]
2013-11-16 16:26:19,517 DEBUG d.Debug [AWT-EventQueue-0] Player, begin by setting ships. You have 6 to place--select ships from the drop-down menu.
2013-11-16 16:26:20,309 DEBUG d.Debug [AWT-EventQueue-0] Placing ship . . . 
2013-11-16 16:26:20,310 DEBUG d.Debug [AWT-EventQueue-0] From the combo_ship: the ship is Carrier and the index is 0 of 6
2013-11-16 16:26:20,310 DEBUG d.Debug [AWT-EventQueue-0] ships_to_be_placed is ok.
2013-11-16 16:26:20,310 DEBUG d.Debug [AWT-EventQueue-0] Carrier (length 5) has the following makeup: 
[5,8: KNOWN_SHIP/KNOWN_SHIP]
[6,8: KNOWN_SHIP/KNOWN_SHIP]
[7,8: KNOWN_SHIP/KNOWN_SHIP]
[8,8: KNOWN_SHIP/KNOWN_SHIP]
[9,8: KNOWN_SHIP/KNOWN_SHIP]

2013-11-16 16:26:20,311 DEBUG d.Debug [AWT-EventQueue-0] A ship was placed: Carrier at 5,8 with a Horizontal orientation. There are 5 ships left to place.
2013-11-16 16:26:20,734 DEBUG d.Debug [AWT-EventQueue-0] Click below to set an explosive on your opponent at this location!
2013-11-16 16:26:21,349 DEBUG d.Debug [AWT-EventQueue-0] Placing ship . . . 
2013-11-16 16:26:21,350 DEBUG d.Debug [AWT-EventQueue-0] From the combo_ship: the ship is Battleship and the index is 0 of 5
2013-11-16 16:26:21,350 DEBUG d.Debug [AWT-EventQueue-0] ships_to_be_placed is ok.
2013-11-16 16:26:21,350 DEBUG d.Debug [AWT-EventQueue-0] Battleship (length 4) has the following makeup: 
[2,4: KNOWN_SHIP/KNOWN_SHIP]
[3,4: KNOWN_SHIP/KNOWN_SHIP]
[4,4: KNOWN_SHIP/KNOWN_SHIP]
[5,4: KNOWN_SHIP/KNOWN_SHIP]

2013-11-16 16:26:21,351 DEBUG d.Debug [AWT-EventQueue-0] A ship was placed: Battleship at 2,4 with a Horizontal orientation. There are 4 ships left to place.
2013-11-16 16:26:21,798 DEBUG d.Debug [AWT-EventQueue-0] Placing ship . . . 
2013-11-16 16:26:21,799 DEBUG d.Debug [AWT-EventQueue-0] From the combo_ship: the ship is Cruiser and the index is 0 of 4
2013-11-16 16:26:21,799 DEBUG d.Debug [AWT-EventQueue-0] ships_to_be_placed is ok.
2013-11-16 16:26:21,799 DEBUG d.Debug [AWT-EventQueue-0] Cruiser (length 3) has the following makeup: 
[4,13: KNOWN_SHIP/KNOWN_SHIP]
[5,13: KNOWN_SHIP/KNOWN_SHIP]
[6,13: KNOWN_SHIP/KNOWN_SHIP]

2013-11-16 16:26:21,800 DEBUG d.Debug [AWT-EventQueue-0] A ship was placed: Cruiser at 4,13 with a Horizontal orientation. There are 3 ships left to place.
2013-11-16 16:26:22,302 DEBUG d.Debug [AWT-EventQueue-0] Placing ship . . . 
2013-11-16 16:26:22,303 DEBUG d.Debug [AWT-EventQueue-0] From the combo_ship: the ship is Destroyer and the index is 0 of 3
2013-11-16 16:26:22,303 DEBUG d.Debug [AWT-EventQueue-0] ships_to_be_placed is ok.
2013-11-16 16:26:22,303 DEBUG d.Debug [AWT-EventQueue-0] Destroyer (length 2) has the following makeup: 
[5,6: KNOWN_SHIP/KNOWN_SHIP]
[6,6: KNOWN_SHIP/KNOWN_SHIP]

2013-11-16 16:26:22,304 DEBUG d.Debug [AWT-EventQueue-0] A ship was placed: Destroyer at 5,6 with a Horizontal orientation. There are 2 ships left to place.
2013-11-16 16:26:22,734 DEBUG d.Debug [AWT-EventQueue-0] Placing ship . . . 
2013-11-16 16:26:22,735 DEBUG d.Debug [AWT-EventQueue-0] From the combo_ship: the ship is Submarine and the index is 0 of 2
2013-11-16 16:26:22,735 DEBUG d.Debug [AWT-EventQueue-0] ships_to_be_placed is ok.
2013-11-16 16:26:22,735 DEBUG d.Debug [AWT-EventQueue-0] Submarine (length 3) has the following makeup: 
[7,5: KNOWN_SHIP/KNOWN_SHIP]
[8,5: KNOWN_SHIP/KNOWN_SHIP]
[9,5: KNOWN_SHIP/KNOWN_SHIP]

2013-11-16 16:26:22,736 DEBUG d.Debug [AWT-EventQueue-0] A ship was placed: Submarine at 7,5 with a Horizontal orientation. There are 1 ships left to place.
2013-11-16 16:26:23,214 DEBUG d.Debug [AWT-EventQueue-0] Placing ship . . . 
2013-11-16 16:26:23,214 DEBUG d.Debug [AWT-EventQueue-0] From the combo_ship: the ship is SteelSubmarine and the index is 0 of 1
2013-11-16 16:26:23,215 DEBUG d.Debug [AWT-EventQueue-0] ships_to_be_placed is ok.
2013-11-16 16:26:23,215 DEBUG d.Debug [AWT-EventQueue-0] SteelSubmarine (length 4) has the following makeup: 
[8,3: KNOWN_SHIP/KNOWN_SHIP]
[9,3: KNOWN_SHIP/KNOWN_SHIP]
[10,3: KNOWN_SHIP/KNOWN_SHIP]
[11,3: KNOWN_SHIP/KNOWN_SHIP]

2013-11-16 16:26:23,215 DEBUG d.Debug [AWT-EventQueue-0] A ship was placed: SteelSubmarine at 8,3 with a Horizontal orientation. There are 0 ships left to place.
2013-11-16 16:26:42,981 DEBUG d.Debug [AWT-EventQueue-0] No more ships to place here...put the explosive on your opponent's board!
2013-11-16 16:26:43,438 DEBUG d.Debug [AWT-EventQueue-0] No more ships to place here...put the explosive on your opponent's board!
2013-11-16 16:26:43,918 DEBUG d.Debug [AWT-EventQueue-0] No more ships to place here...put the explosive on your opponent's board!
2013-11-16 16:26:44,445 DEBUG d.Debug [AWT-EventQueue-0] No more ships to place here...put the explosive on your opponent's board!
2013-11-16 16:26:46,013 DEBUG d.Debug [AWT-EventQueue-0] Click below to set an explosive on your opponent at this location!
2013-11-16 16:26:46,606 DEBUG d.Debug [AWT-EventQueue-0] Click below to set an explosive on your opponent at this location!
2013-11-16 16:26:46,997 DEBUG d.Debug [AWT-EventQueue-0] Click below to set an explosive on your opponent at this location!
2013-11-16 16:26:48,349 DEBUG d.Debug [AWT-EventQueue-0] Click below to set an explosive on your opponent at this location!
2013-11-16 16:26:50,149 DEBUG d.Debug [AWT-EventQueue-0] Click below to set an explosive on your opponent at this location!
2013-11-16 16:26:50,925 DEBUG d.Debug [AWT-EventQueue-0] Click below to set an explosive on your opponent at this location!
2013-11-16 16:26:51,469 DEBUG d.Debug [AWT-EventQueue-0] No more ships to place here...put the explosive on your opponent's board!
2013-11-16 16:26:53,125 DEBUG d.Debug [AWT-EventQueue-0] Don't tell your opponent--but the explosive is placed at [9,13].
2013-11-16 16:26:53,127 DEBUG d.Debug [AWT-EventQueue-0] All ships are placed--let's play Battleship! 
2013-11-16 16:26:53,128 DEBUG d.Debug [AWT-EventQueue-0] Shoot method called. Coords = [0,15]
2013-11-16 16:26:53,128 DEBUG d.Debug [AWT-EventQueue-0] Appending: The computer's explosive did nothing.
2013-11-16 16:26:53,129 DEBUG d.Debug [AWT-EventQueue-0] Shoot method called. Coords = [9,13]
2013-11-16 16:26:53,129 DEBUG d.Debug [AWT-EventQueue-0] Appending: The user's explosive did nothing.
2013-11-16 16:26:53,653 DEBUG d.Debug [AWT-EventQueue-0] User shoots. The coordinate 3,14 was a miss.
2013-11-16 16:26:53,654 DEBUG d.Debug [AWT-EventQueue-0] sunkcounter: 0, hitlist: []
2013-11-16 16:26:53,654 DEBUG d.Debug [AWT-EventQueue-0] clearing out of bounds coordinates: 0
2013-11-16 16:26:53,654 DEBUG d.Debug [AWT-EventQueue-0] 

2nextshot() called. coordinates_shot = 1, shooting_coordinates = 149, hit_list = 0, place_ship_coordinates = 0
2013-11-16 16:26:53,655 DEBUG d.Debug [AWT-EventQueue-0] next shot coming from the AI's pool...
2013-11-16 16:26:53,655 DEBUG d.Debug [AWT-EventQueue-0] -DUMP
2013-11-16 16:26:53,655 DEBUG d.Debug [AWT-EventQueue-0] coordinates_shot: [[0,15], [9,6]]
2013-11-16 16:26:53,655 DEBUG d.Debug [AWT-EventQueue-0] hit_list: []
2013-11-16 16:26:53,655 DEBUG d.Debug [AWT-EventQueue-0] place_ship_coordinates_primary: []
2013-11-16 16:26:53,655 DEBUG d.Debug [AWT-EventQueue-0] place_ship_coordinates_secondary: []
2013-11-16 16:26:53,656 DEBUG d.Debug [AWT-EventQueue-0] shooting_coordinates: [[0,1], [0,3], [0,5], [0,7], [0,9], [0,11], [0,13], [0,17], [0,19], [1,0], [1,2], [1,4], [1,6], [1,8], [1,10], [1,12], [1,14], [1,16], [1,18], [2,1], [2,3], [2,5], [2,7], [2,9], [2,11], [2,13], [2,15], [2,17], [2,19], [3,0], [3,2], [3,4], [3,6], [3,8], [3,10], [3,12], [3,14], [3,16], [3,18], [4,1], [4,3], [4,5], [4,7], [4,9], [4,11], [4,13], [4,15], [4,17], [4,19], [5,0], [5,2], [5,4], [5,6], [5,8], [5,10], [5,12], [5,14], [5,16], [5,18], [6,1], [6,3], [6,5], [6,7], [6,9], [6,11], [6,13], [6,15], [6,17], [6,19], [7,0], [7,2], [7,4], [7,6], [7,8], [7,10], [7,12], [7,14], [7,16], [7,18], [8,1], [8,3], [8,5], [8,7], [8,9], [8,11], [8,13], [8,15], [8,17], [8,19], [9,0], [9,2], [9,4], [9,8], [9,10], [9,12], [9,14], [9,16], [9,18], [10,1], [10,3], [10,5], [10,7], [10,9], [10,11], [10,13], [10,15], [10,17], [10,19], [11,0], [11,2], [11,4], [11,6], [11,8], [11,10], [11,12], [11,14], [11,16], [11,18], [12,1], [12,3], [12,5], [12,7], [12,9], [12,11], [12,13], [12,15], [12,17], [12,19], [13,0], [13,2], [13,4], [13,6], [13,8], [13,10], [13,12], [13,14], [13,16], [13,18], [14,1], [14,3], [14,5], [14,7], [14,9], [14,11], [14,13], [14,15], [14,17], [14,19]]
2013-11-16 16:26:53,657 DEBUG d.Debug [AWT-EventQueue-0] ----
2013-11-16 16:26:53,657 DEBUG d.Debug [AWT-EventQueue-0] Trying to attack ship at: [9,6]
2013-11-16 16:26:53,657 DEBUG d.Debug [AWT-EventQueue-0] Shoot method called. Coords = [9,6]
2013-11-16 16:26:53,657 DEBUG d.Debug [AWT-EventQueue-0] Appending: Comp shoots. The coordinate 9,6 was a miss.
2013-11-16 16:26:54,310 DEBUG d.Debug [AWT-EventQueue-0] User shoots. The coordinate 6,12 was a miss.
2013-11-16 16:26:54,310 DEBUG d.Debug [AWT-EventQueue-0] sunkcounter: 0, hitlist: []
2013-11-16 16:26:54,310 DEBUG d.Debug [AWT-EventQueue-0] clearing out of bounds coordinates: 0
2013-11-16 16:26:54,311 DEBUG d.Debug [AWT-EventQueue-0] 

3nextshot() called. coordinates_shot = 2, shooting_coordinates = 148, hit_list = 0, place_ship_coordinates = 0
2013-11-16 16:26:54,311 DEBUG d.Debug [AWT-EventQueue-0] next shot coming from the AI's pool...
2013-11-16 16:26:54,311 DEBUG d.Debug [AWT-EventQueue-0] -DUMP
2013-11-16 16:26:54,311 DEBUG d.Debug [AWT-EventQueue-0] coordinates_shot: [[0,15], [9,6], [14,5]]
2013-11-16 16:26:54,311 DEBUG d.Debug [AWT-EventQueue-0] hit_list: []
2013-11-16 16:26:54,312 DEBUG d.Debug [AWT-EventQueue-0] place_ship_coordinates_primary: []
2013-11-16 16:26:54,312 DEBUG d.Debug [AWT-EventQueue-0] place_ship_coordinates_secondary: []
2013-11-16 16:26:54,313 DEBUG d.Debug [AWT-EventQueue-0] shooting_coordinates: [[0,1], [0,3], [0,5], [0,7], [0,9], [0,11], [0,13], [0,17], [0,19], [1,0], [1,2], [1,4], [1,6], [1,8], [1,10], [1,12], [1,14], [1,16], [1,18], [2,1], [2,3], [2,5], [2,7], [2,9], [2,11], [2,13], [2,15], [2,17], [2,19], [3,0], [3,2], [3,4], [3,6], [3,8], [3,10], [3,12], [3,14], [3,16], [3,18], [4,1], [4,3], [4,5], [4,7], [4,9], [4,11], [4,13], [4,15], [4,17], [4,19], [5,0], [5,2], [5,4], [5,6], [5,8], [5,10], [5,12], [5,14], [5,16], [5,18], [6,1], [6,3], [6,5], [6,7], [6,9], [6,11], [6,13], [6,15], [6,17], [6,19], [7,0], [7,2], [7,4], [7,6], [7,8], [7,10], [7,12], [7,14], [7,16], [7,18], [8,1], [8,3], [8,5], [8,7], [8,9], [8,11], [8,13], [8,15], [8,17], [8,19], [9,0], [9,2], [9,4], [9,8], [9,10], [9,12], [9,14], [9,16], [9,18], [10,1], [10,3], [10,5], [10,7], [10,9], [10,11], [10,13], [10,15], [10,17], [10,19], [11,0], [11,2], [11,4], [11,6], [11,8], [11,10], [11,12], [11,14], [11,16], [11,18], [12,1], [12,3], [12,5], [12,7], [12,9], [12,11], [12,13], [12,15], [12,17], [12,19], [13,0], [13,2], [13,4], [13,6], [13,8], [13,10], [13,12], [13,14], [13,16], [13,18], [14,1], [14,3], [14,7], [14,9], [14,11], [14,13], [14,15], [14,17], [14,19]]
2013-11-16 16:26:54,313 DEBUG d.Debug [AWT-EventQueue-0] ----
2013-11-16 16:26:54,313 DEBUG d.Debug [AWT-EventQueue-0] Trying to attack ship at: [14,5]
2013-11-16 16:26:54,313 DEBUG d.Debug [AWT-EventQueue-0] Shoot method called. Coords = [14,5]
2013-11-16 16:26:54,313 DEBUG d.Debug [AWT-EventQueue-0] Appending: Comp shoots. The coordinate 14,5 was a miss.
2013-11-16 16:26:54,741 DEBUG d.Debug [AWT-EventQueue-0] User shoots. The coordinate 7,10 was a miss.
2013-11-16 16:26:54,742 DEBUG d.Debug [AWT-EventQueue-0] sunkcounter: 0, hitlist: []
2013-11-16 16:26:54,742 DEBUG d.Debug [AWT-EventQueue-0] clearing out of bounds coordinates: 0
2013-11-16 16:26:54,743 DEBUG d.Debug [AWT-EventQueue-0] 

4nextshot() called. coordinates_shot = 3, shooting_coordinates = 147, hit_list = 0, place_ship_coordinates = 0
2013-11-16 16:26:54,743 DEBUG d.Debug [AWT-EventQueue-0] next shot coming from the AI's pool...
2013-11-16 16:26:54,743 DEBUG d.Debug [AWT-EventQueue-0] -DUMP
2013-11-16 16:26:54,743 DEBUG d.Debug [AWT-EventQueue-0] coordinates_shot: [[0,15], [9,6], [14,5], [4,3]]
2013-11-16 16:26:54,743 DEBUG d.Debug [AWT-EventQueue-0] hit_list: []
2013-11-16 16:26:54,743 DEBUG d.Debug [AWT-EventQueue-0] place_ship_coordinates_primary: []
2013-11-16 16:26:54,744 DEBUG d.Debug [AWT-EventQueue-0] place_ship_coordinates_secondary: []
2013-11-16 16:26:54,745 DEBUG d.Debug [AWT-EventQueue-0] shooting_coordinates: [[0,1], [0,3], [0,5], [0,7], [0,9], [0,11], [0,13], [0,17], [0,19], [1,0], [1,2], [1,4], [1,6], [1,8], [1,10], [1,12], [1,14], [1,16], [1,18], [2,1], [2,3], [2,5], [2,7], [2,9], [2,11], [2,13], [2,15], [2,17], [2,19], [3,0], [3,2], [3,4], [3,6], [3,8], [3,10], [3,12], [3,14], [3,16], [3,18], [4,1], [4,5], [4,7], [4,9], [4,11], [4,13], [4,15], [4,17], [4,19], [5,0], [5,2], [5,4], [5,6], [5,8], [5,10], [5,12], [5,14], [5,16], [5,18], [6,1], [6,3], [6,5], [6,7], [6,9], [6,11], [6,13], [6,15], [6,17], [6,19], [7,0], [7,2], [7,4], [7,6], [7,8], [7,10], [7,12], [7,14], [7,16], [7,18], [8,1], [8,3], [8,5], [8,7], [8,9], [8,11], [8,13], [8,15], [8,17], [8,19], [9,0], [9,2], [9,4], [9,8], [9,10], [9,12], [9,14], [9,16], [9,18], [10,1], [10,3], [10,5], [10,7], [10,9], [10,11], [10,13], [10,15], [10,17], [10,19], [11,0], [11,2], [11,4], [11,6], [11,8], [11,10], [11,12], [11,14], [11,16], [11,18], [12,1], [12,3], [12,5], [12,7], [12,9], [12,11], [12,13], [12,15], [12,17], [12,19], [13,0], [13,2], [13,4], [13,6], [13,8], [13,10], [13,12], [13,14], [13,16], [13,18], [14,1], [14,3], [14,7], [14,9], [14,11], [14,13], [14,15], [14,17], [14,19]]
2013-11-16 16:26:54,745 DEBUG d.Debug [AWT-EventQueue-0] ----
2013-11-16 16:26:54,745 DEBUG d.Debug [AWT-EventQueue-0] Trying to attack ship at: [4,3]
2013-11-16 16:26:54,745 DEBUG d.Debug [AWT-EventQueue-0] Shoot method called. Coords = [4,3]
2013-11-16 16:26:54,745 DEBUG d.Debug [AWT-EventQueue-0] Appending: Comp shoots. The coordinate 4,3 was a miss.
2013-11-16 16:26:55,205 DEBUG d.Debug [AWT-EventQueue-0] User shoots. The coordinate 7,8 was a miss.
2013-11-16 16:26:55,206 DEBUG d.Debug [AWT-EventQueue-0] sunkcounter: 0, hitlist: []
2013-11-16 16:26:55,206 DEBUG d.Debug [AWT-EventQueue-0] clearing out of bounds coordinates: 0
2013-11-16 16:26:55,206 DEBUG d.Debug [AWT-EventQueue-0] 

5nextshot() called. coordinates_shot = 4, shooting_coordinates = 146, hit_list = 0, place_ship_coordinates = 0
2013-11-16 16:26:55,206 DEBUG d.Debug [AWT-EventQueue-0] next shot coming from the AI's pool...
2013-11-16 16:26:55,207 DEBUG d.Debug [AWT-EventQueue-0] -DUMP
2013-11-16 16:26:55,207 DEBUG d.Debug [AWT-EventQueue-0] coordinates_shot: [[0,15], [9,6], [14,5], [4,3], [6,13]]
2013-11-16 16:26:55,207 DEBUG d.Debug [AWT-EventQueue-0] hit_list: []
2013-11-16 16:26:55,207 DEBUG d.Debug [AWT-EventQueue-0] place_ship_coordinates_primary: []
2013-11-16 16:26:55,207 DEBUG d.Debug [AWT-EventQueue-0] place_ship_coordinates_secondary: []
2013-11-16 16:26:55,208 DEBUG d.Debug [AWT-EventQueue-0] shooting_coordinates: [[0,1], [0,3], [0,5], [0,7], [0,9], [0,11], [0,13], [0,17], [0,19], [1,0], [1,2], [1,4], [1,6], [1,8], [1,10], [1,12], [1,14], [1,16], [1,18], [2,1], [2,3], [2,5], [2,7], [2,9], [2,11], [2,13], [2,15], [2,17], [2,19], [3,0], [3,2], [3,4], [3,6], [3,8], [3,10], [3,12], [3,14], [3,16], [3,18], [4,1], [4,5], [4,7], [4,9], [4,11], [4,13], [4,15], [4,17], [4,19], [5,0], [5,2], [5,4], [5,6], [5,8], [5,10], [5,12], [5,14], [5,16], [5,18], [6,1], [6,3], [6,5], [6,7], [6,9], [6,11], [6,15], [6,17], [6,19], [7,0], [7,2], [7,4], [7,6], [7,8], [7,10], [7,12], [7,14], [7,16], [7,18], [8,1], [8,3], [8,5], [8,7], [8,9], [8,11], [8,13], [8,15], [8,17], [8,19], [9,0], [9,2], [9,4], [9,8], [9,10], [9,12], [9,14], [9,16], [9,18], [10,1], [10,3], [10,5], [10,7], [10,9], [10,11], [10,13], [10,15], [10,17], [10,19], [11,0], [11,2], [11,4], [11,6], [11,8], [11,10], [11,12], [11,14], [11,16], [11,18], [12,1], [12,3], [12,5], [12,7], [12,9], [12,11], [12,13], [12,15], [12,17], [12,19], [13,0], [13,2], [13,4], [13,6], [13,8], [13,10], [13,12], [13,14], [13,16], [13,18], [14,1], [14,3], [14,7], [14,9], [14,11], [14,13], [14,15], [14,17], [14,19]]
2013-11-16 16:26:55,209 DEBUG d.Debug [AWT-EventQueue-0] ----
2013-11-16 16:26:55,209 DEBUG d.Debug [AWT-EventQueue-0] Trying to attack ship at: [6,13]
2013-11-16 16:26:55,209 DEBUG d.Debug [AWT-EventQueue-0] Shoot method called. Coords = [6,13]
2013-11-16 16:26:55,209 DEBUG d.Debug [AWT-EventQueue-0] isSunk? Hits remaining: 2
2013-11-16 16:26:55,209 DEBUG d.Debug [AWT-EventQueue-0] Appending: Comp shoots. The coordinate 6,13 was a hit.
2013-11-16 16:26:55,989 DEBUG d.Debug [AWT-EventQueue-0] User shoots. The coordinate 6,5 was a miss.
2013-11-16 16:26:55,990 DEBUG d.Debug [AWT-EventQueue-0] sunkcounter: 0, hitlist: [[6,13]]
2013-11-16 16:26:55,990 DEBUG d.Debug [AWT-EventQueue-0] clearing out of bounds coordinates: 0
2013-11-16 16:26:55,991 DEBUG d.Debug [AWT-EventQueue-0] 

6nextshot() called. coordinates_shot = 5, shooting_coordinates = 145, hit_list = 1, place_ship_coordinates = 0
2013-11-16 16:26:55,991 DEBUG d.Debug [AWT-EventQueue-0] from the secondary array
2013-11-16 16:26:55,991 DEBUG d.Debug [AWT-EventQueue-0] -DUMP
2013-11-16 16:26:55,991 DEBUG d.Debug [AWT-EventQueue-0] coordinates_shot: [[0,15], [9,6], [14,5], [4,3], [6,13]]
2013-11-16 16:26:55,991 DEBUG d.Debug [AWT-EventQueue-0] hit_list: [[6,13]]
2013-11-16 16:26:55,991 DEBUG d.Debug [AWT-EventQueue-0] place_ship_coordinates_primary: []
2013-11-16 16:26:55,992 DEBUG d.Debug [AWT-EventQueue-0] place_ship_coordinates_secondary: [[7,13], [5,13], [6,12], [6,14]]
2013-11-16 16:26:55,993 DEBUG d.Debug [AWT-EventQueue-0] shooting_coordinates: [[0,1], [0,3], [0,5], [0,7], [0,9], [0,11], [0,13], [0,17], [0,19], [1,0], [1,2], [1,4], [1,6], [1,8], [1,10], [1,12], [1,14], [1,16], [1,18], [2,1], [2,3], [2,5], [2,7], [2,9], [2,11], [2,13], [2,15], [2,17], [2,19], [3,0], [3,2], [3,4], [3,6], [3,8], [3,10], [3,12], [3,14], [3,16], [3,18], [4,1], [4,5], [4,7], [4,9], [4,11], [4,13], [4,15], [4,17], [4,19], [5,0], [5,2], [5,4], [5,6], [5,8], [5,10], [5,12], [5,14], [5,16], [5,18], [6,1], [6,3], [6,5], [6,7], [6,9], [6,11], [6,15], [6,17], [6,19], [7,0], [7,2], [7,4], [7,6], [7,8], [7,10], [7,12], [7,14], [7,16], [7,18], [8,1], [8,3], [8,5], [8,7], [8,9], [8,11], [8,13], [8,15], [8,17], [8,19], [9,0], [9,2], [9,4], [9,8], [9,10], [9,12], [9,14], [9,16], [9,18], [10,1], [10,3], [10,5], [10,7], [10,9], [10,11], [10,13], [10,15], [10,17], [10,19], [11,0], [11,2], [11,4], [11,6], [11,8], [11,10], [11,12], [11,14], [11,16], [11,18], [12,1], [12,3], [12,5], [12,7], [12,9], [12,11], [12,13], [12,15], [12,17], [12,19], [13,0], [13,2], [13,4], [13,6], [13,8], [13,10], [13,12], [13,14], [13,16], [13,18], [14,1], [14,3], [14,7], [14,9], [14,11], [14,13], [14,15], [14,17], [14,19]]
2013-11-16 16:26:55,993 DEBUG d.Debug [AWT-EventQueue-0] ----
2013-11-16 16:26:55,993 DEBUG d.Debug [AWT-EventQueue-0] Trying to attack ship at: [7,13]
2013-11-16 16:26:55,993 DEBUG d.Debug [AWT-EventQueue-0] Shoot method called. Coords = [7,13]
2013-11-16 16:26:55,993 DEBUG d.Debug [AWT-EventQueue-0] Appending: Comp shoots. The coordinate 7,13 was a miss.
2013-11-16 16:26:57,845 DEBUG d.Debug [AWT-EventQueue-0] User shoots. The coordinate 5,6 was a miss.
2013-11-16 16:26:57,846 DEBUG d.Debug [AWT-EventQueue-0] sunkcounter: 0, hitlist: [[6,13]]
2013-11-16 16:26:57,846 DEBUG d.Debug [AWT-EventQueue-0] clearing out of bounds coordinates: 0
2013-11-16 16:26:57,846 DEBUG d.Debug [AWT-EventQueue-0] 

7nextshot() called. coordinates_shot = 5, shooting_coordinates = 145, hit_list = 1, place_ship_coordinates = 0
2013-11-16 16:26:57,847 DEBUG d.Debug [AWT-EventQueue-0] from the secondary array
2013-11-16 16:26:57,847 DEBUG d.Debug [AWT-EventQueue-0] -DUMP
2013-11-16 16:26:57,847 DEBUG d.Debug [AWT-EventQueue-0] coordinates_shot: [[0,15], [9,6], [14,5], [4,3], [6,13]]
2013-11-16 16:26:57,847 DEBUG d.Debug [AWT-EventQueue-0] hit_list: [[6,13]]
2013-11-16 16:26:57,847 DEBUG d.Debug [AWT-EventQueue-0] place_ship_coordinates_primary: []
2013-11-16 16:26:57,848 DEBUG d.Debug [AWT-EventQueue-0] place_ship_coordinates_secondary: [[5,13], [6,12], [6,14]]
2013-11-16 16:26:57,849 DEBUG d.Debug [AWT-EventQueue-0] shooting_coordinates: [[0,1], [0,3], [0,5], [0,7], [0,9], [0,11], [0,13], [0,17], [0,19], [1,0], [1,2], [1,4], [1,6], [1,8], [1,10], [1,12], [1,14], [1,16], [1,18], [2,1], [2,3], [2,5], [2,7], [2,9], [2,11], [2,13], [2,15], [2,17], [2,19], [3,0], [3,2], [3,4], [3,6], [3,8], [3,10], [3,12], [3,14], [3,16], [3,18], [4,1], [4,5], [4,7], [4,9], [4,11], [4,13], [4,15], [4,17], [4,19], [5,0], [5,2], [5,4], [5,6], [5,8], [5,10], [5,12], [5,14], [5,16], [5,18], [6,1], [6,3], [6,5], [6,7], [6,9], [6,11], [6,15], [6,17], [6,19], [7,0], [7,2], [7,4], [7,6], [7,8], [7,10], [7,12], [7,14], [7,16], [7,18], [8,1], [8,3], [8,5], [8,7], [8,9], [8,11], [8,13], [8,15], [8,17], [8,19], [9,0], [9,2], [9,4], [9,8], [9,10], [9,12], [9,14], [9,16], [9,18], [10,1], [10,3], [10,5], [10,7], [10,9], [10,11], [10,13], [10,15], [10,17], [10,19], [11,0], [11,2], [11,4], [11,6], [11,8], [11,10], [11,12], [11,14], [11,16], [11,18], [12,1], [12,3], [12,5], [12,7], [12,9], [12,11], [12,13], [12,15], [12,17], [12,19], [13,0], [13,2], [13,4], [13,6], [13,8], [13,10], [13,12], [13,14], [13,16], [13,18], [14,1], [14,3], [14,7], [14,9], [14,11], [14,13], [14,15], [14,17], [14,19]]
2013-11-16 16:26:57,849 DEBUG d.Debug [AWT-EventQueue-0] ----
2013-11-16 16:26:57,849 DEBUG d.Debug [AWT-EventQueue-0] Trying to attack ship at: [5,13]
2013-11-16 16:26:57,849 DEBUG d.Debug [AWT-EventQueue-0] Shoot method called. Coords = [5,13]
2013-11-16 16:26:57,849 DEBUG d.Debug [AWT-EventQueue-0] isSunk? Hits remaining: 1
2013-11-16 16:26:57,850 DEBUG d.Debug [AWT-EventQueue-0] Appending: Comp shoots. The coordinate 5,13 was a hit.
2013-11-16 16:26:58,341 DEBUG d.Debug [AWT-EventQueue-0] User shoots. The coordinate 3,5 was a miss.
2013-11-16 16:26:58,342 DEBUG d.Debug [AWT-EventQueue-0] sunkcounter: 0, hitlist: [[5,13], [6,13]]
2013-11-16 16:26:58,342 DEBUG d.Debug [AWT-EventQueue-0] clearing out of bounds coordinates: 0
2013-11-16 16:26:58,343 DEBUG d.Debug [AWT-EventQueue-0] 

8nextshot() called. coordinates_shot = 5, shooting_coordinates = 145, hit_list = 2, place_ship_coordinates = 0
2013-11-16 16:26:58,343 DEBUG d.Debug [AWT-EventQueue-0] from the secondary array
2013-11-16 16:26:58,343 DEBUG d.Debug [AWT-EventQueue-0] -DUMP
2013-11-16 16:26:58,343 DEBUG d.Debug [AWT-EventQueue-0] coordinates_shot: [[0,15], [9,6], [14,5], [4,3], [6,13]]
2013-11-16 16:26:58,343 DEBUG d.Debug [AWT-EventQueue-0] hit_list: [[5,13], [6,13]]
2013-11-16 16:26:58,344 DEBUG d.Debug [AWT-EventQueue-0] place_ship_coordinates_primary: []
2013-11-16 16:26:58,344 DEBUG d.Debug [AWT-EventQueue-0] place_ship_coordinates_secondary: [[6,13], [4,13], [5,12], [5,14], [6,12], [6,14]]
2013-11-16 16:26:58,345 DEBUG d.Debug [AWT-EventQueue-0] shooting_coordinates: [[0,1], [0,3], [0,5], [0,7], [0,9], [0,11], [0,13], [0,17], [0,19], [1,0], [1,2], [1,4], [1,6], [1,8], [1,10], [1,12], [1,14], [1,16], [1,18], [2,1], [2,3], [2,5], [2,7], [2,9], [2,11], [2,13], [2,15], [2,17], [2,19], [3,0], [3,2], [3,4], [3,6], [3,8], [3,10], [3,12], [3,14], [3,16], [3,18], [4,1], [4,5], [4,7], [4,9], [4,11], [4,13], [4,15], [4,17], [4,19], [5,0], [5,2], [5,4], [5,6], [5,8], [5,10], [5,12], [5,14], [5,16], [5,18], [6,1], [6,3], [6,5], [6,7], [6,9], [6,11], [6,15], [6,17], [6,19], [7,0], [7,2], [7,4], [7,6], [7,8], [7,10], [7,12], [7,14], [7,16], [7,18], [8,1], [8,3], [8,5], [8,7], [8,9], [8,11], [8,13], [8,15], [8,17], [8,19], [9,0], [9,2], [9,4], [9,8], [9,10], [9,12], [9,14], [9,16], [9,18], [10,1], [10,3], [10,5], [10,7], [10,9], [10,11], [10,13], [10,15], [10,17], [10,19], [11,0], [11,2], [11,4], [11,6], [11,8], [11,10], [11,12], [11,14], [11,16], [11,18], [12,1], [12,3], [12,5], [12,7], [12,9], [12,11], [12,13], [12,15], [12,17], [12,19], [13,0], [13,2], [13,4], [13,6], [13,8], [13,10], [13,12], [13,14], [13,16], [13,18], [14,1], [14,3], [14,7], [14,9], [14,11], [14,13], [14,15], [14,17], [14,19]]
2013-11-16 16:26:58,345 DEBUG d.Debug [AWT-EventQueue-0] ----
2013-11-16 16:26:58,345 DEBUG d.Debug [AWT-EventQueue-0] Trying to attack ship at: [6,13]
2013-11-16 16:26:58,345 DEBUG d.Debug [AWT-EventQueue-0] Shoot method called. Coords = [6,13]
2013-11-16 16:26:58,345 DEBUG d.Debug [AWT-EventQueue-0] sunkcounter: 0, hitlist: [[5,13], [6,13]]
2013-11-16 16:26:58,346 DEBUG d.Debug [AWT-EventQueue-0] clearing out of bounds coordinates: 0
2013-11-16 16:26:58,346 DEBUG d.Debug [AWT-EventQueue-0] 

9nextshot() called. coordinates_shot = 5, shooting_coordinates = 145, hit_list = 2, place_ship_coordinates = 0
2013-11-16 16:26:58,346 DEBUG d.Debug [AWT-EventQueue-0] from the secondary array
2013-11-16 16:26:58,346 DEBUG d.Debug [AWT-EventQueue-0] -DUMP
2013-11-16 16:26:58,346 DEBUG d.Debug [AWT-EventQueue-0] coordinates_shot: [[0,15], [9,6], [14,5], [4,3], [6,13]]
2013-11-16 16:26:58,347 DEBUG d.Debug [AWT-EventQueue-0] hit_list: [[5,13], [6,13]]
2013-11-16 16:26:58,347 DEBUG d.Debug [AWT-EventQueue-0] place_ship_coordinates_primary: []
2013-11-16 16:26:58,347 DEBUG d.Debug [AWT-EventQueue-0] place_ship_coordinates_secondary: [[4,13], [5,12], [5,14], [6,12], [6,14]]
2013-11-16 16:26:58,348 DEBUG d.Debug [AWT-EventQueue-0] shooting_coordinates: [[0,1], [0,3], [0,5], [0,7], [0,9], [0,11], [0,13], [0,17], [0,19], [1,0], [1,2], [1,4], [1,6], [1,8], [1,10], [1,12], [1,14], [1,16], [1,18], [2,1], [2,3], [2,5], [2,7], [2,9], [2,11], [2,13], [2,15], [2,17], [2,19], [3,0], [3,2], [3,4], [3,6], [3,8], [3,10], [3,12], [3,14], [3,16], [3,18], [4,1], [4,5], [4,7], [4,9], [4,11], [4,13], [4,15], [4,17], [4,19], [5,0], [5,2], [5,4], [5,6], [5,8], [5,10], [5,12], [5,14], [5,16], [5,18], [6,1], [6,3], [6,5], [6,7], [6,9], [6,11], [6,15], [6,17], [6,19], [7,0], [7,2], [7,4], [7,6], [7,8], [7,10], [7,12], [7,14], [7,16], [7,18], [8,1], [8,3], [8,5], [8,7], [8,9], [8,11], [8,13], [8,15], [8,17], [8,19], [9,0], [9,2], [9,4], [9,8], [9,10], [9,12], [9,14], [9,16], [9,18], [10,1], [10,3], [10,5], [10,7], [10,9], [10,11], [10,13], [10,15], [10,17], [10,19], [11,0], [11,2], [11,4], [11,6], [11,8], [11,10], [11,12], [11,14], [11,16], [11,18], [12,1], [12,3], [12,5], [12,7], [12,9], [12,11], [12,13], [12,15], [12,17], [12,19], [13,0], [13,2], [13,4], [13,6], [13,8], [13,10], [13,12], [13,14], [13,16], [13,18], [14,1], [14,3], [14,7], [14,9], [14,11], [14,13], [14,15], [14,17], [14,19]]
2013-11-16 16:26:58,348 DEBUG d.Debug [AWT-EventQueue-0] ----
2013-11-16 16:26:58,348 DEBUG d.Debug [AWT-EventQueue-0] Shoot method called. Coords = [4,13]
2013-11-16 16:26:58,348 DEBUG d.Debug [AWT-EventQueue-0] isSunk? Hits remaining: 0
2013-11-16 16:26:58,348 DEBUG d.Debug [AWT-EventQueue-0] 

----	About to print a ship deemed as sunk.
Cruiser (length 3) has the following makeup: 
[4,13: HIT/HIT]
[5,13: HIT/HIT]
[6,13: HIT/HIT]

2013-11-16 16:26:58,349 DEBUG d.Debug [AWT-EventQueue-0] Removing: [4,13]
2013-11-16 16:26:58,349 DEBUG d.Debug [AWT-EventQueue-0] Removing: [6,13]
2013-11-16 16:26:58,349 DEBUG d.Debug [AWT-EventQueue-0] sunkcounter: 3, hitlist: [[5,13]]
2013-11-16 16:26:58,349 DEBUG d.Debug [AWT-EventQueue-0] Appending: Comp shoots. The coordinate 4,13 was a hit, and it sunk the ship.
